Replace Part ? CAP_22uF in D:\Seasonprep_repo\Season_26_AE_Hardware_System\Fligh_controller\Flight_Controller_v1\Flight_Controller_v1.SchDoc with CAP_22uF from capacitors.IntLib
Replace Part ? CAP_22uF in D:\Seasonprep_repo\Season_26_AE_Hardware_System\Fligh_controller\Flight_Controller_v1\Flight_Controller_v1.SchDoc with CAP_22uF from capacitors.IntLib
Replace Part ? CAP_22uF in D:\Seasonprep_repo\Season_26_AE_Hardware_System\Fligh_controller\Flight_Controller_v1\Flight_Controller_v1.SchDoc with CAP_22uF from capacitors.IntLib
Replace Part C? CAP_100nF in D:\Seasonprep_repo\Season_26_AE_Hardware_System\Fligh_controller\Flight_Controller_v1\Flight_Controller_v1.SchDoc with CAP_100nF from capacitors.IntLib
Replace Part C? CAP_4.7uF in D:\Seasonprep_repo\Season_26_AE_Hardware_System\Fligh_controller\Flight_Controller_v1\Flight_Controller_v1.SchDoc with CAP_4.7uF from capacitors.IntLib
Replace Part C? CAP_4.7uF in D:\Seasonprep_repo\Season_26_AE_Hardware_System\Fligh_controller\Flight_Controller_v1\Flight_Controller_v1.SchDoc with CAP_4.7uF from capacitors.IntLib
Replace Part C? CAP_100nF in D:\Seasonprep_repo\Season_26_AE_Hardware_System\Fligh_controller\Flight_Controller_v1\Flight_Controller_v1.SchDoc with CAP_100nF from capacitors.IntLib
Replace Part C? CAP_100nF in D:\Seasonprep_repo\Season_26_AE_Hardware_System\Fligh_controller\Flight_Controller_v1\Flight_Controller_v1.SchDoc with CAP_100nF from capacitors.IntLib
Replace Part C? CAP_100nF in D:\Seasonprep_repo\Season_26_AE_Hardware_System\Fligh_controller\Flight_Controller_v1\Flight_Controller_v1.SchDoc with CAP_100nF from capacitors.IntLib
Replace Part C? CAP_0603_10nf in D:\Seasonprep_repo\Season_26_AE_Hardware_System\Fligh_controller\Flight_Controller_v1\Flight_Controller_v1.SchDoc with CAP_0603_10nf from capacitors.IntLib
Replace Part C? CAP_100nF in D:\Seasonprep_repo\Season_26_AE_Hardware_System\Fligh_controller\Flight_Controller_v1\Flight_Controller_v1.SchDoc with CAP_100nF from capacitors.IntLib
Replace Part C? CAP_100nF in D:\Seasonprep_repo\Season_26_AE_Hardware_System\Fligh_controller\Flight_Controller_v1\Flight_Controller_v1.SchDoc with CAP_100nF from capacitors.IntLib
Replace Part C? CAP_4.7uF in D:\Seasonprep_repo\Season_26_AE_Hardware_System\Fligh_controller\Flight_Controller_v1\Flight_Controller_v1.SchDoc with CAP_4.7uF from capacitors.IntLib
Replace Part C? CAP_100nF in D:\Seasonprep_repo\Season_26_AE_Hardware_System\Fligh_controller\Flight_Controller_v1\Flight_Controller_v1.SchDoc with CAP_100nF from capacitors.IntLib
Replace Part C? CAP_100nF in D:\Seasonprep_repo\Season_26_AE_Hardware_System\Fligh_controller\Flight_Controller_v1\Flight_Controller_v1.SchDoc with CAP_100nF from capacitors.IntLib
Replace Part C? E3SB25E001803E in D:\Seasonprep_repo\Season_26_AE_Hardware_System\Fligh_controller\Flight_Controller_v1\Flight_Controller_v1.SchDoc with E3SB25E001803E from capacitors.IntLib
Replace Part C? CAP_10uF in D:\Seasonprep_repo\Season_26_AE_Hardware_System\Fligh_controller\Flight_Controller_v1\Flight_Controller_v1.SchDoc with CAP_10uF from capacitors.IntLib
Replace Part C? CAP_100nF in D:\Seasonprep_repo\Season_26_AE_Hardware_System\Fligh_controller\Flight_Controller_v1\Flight_Controller_v1.SchDoc with CAP_100nF from capacitors.IntLib
Replace Part C? CAP_100nF in D:\Seasonprep_repo\Season_26_AE_Hardware_System\Fligh_controller\Flight_Controller_v1\Flight_Controller_v1.SchDoc with CAP_100nF from capacitors.IntLib
Replace Part C? CAP_100nF in D:\Seasonprep_repo\Season_26_AE_Hardware_System\Fligh_controller\Flight_Controller_v1\Flight_Controller_v1.SchDoc with CAP_100nF from capacitors.IntLib
Replace Part C? CAP_10uF in D:\Seasonprep_repo\Season_26_AE_Hardware_System\Fligh_controller\Flight_Controller_v1\Flight_Controller_v1.SchDoc with CAP_10uF from capacitors.IntLib
Replace Part C? CAP_10uF in D:\Seasonprep_repo\Season_26_AE_Hardware_System\Fligh_controller\Flight_Controller_v1\Flight_Controller_v1.SchDoc with CAP_10uF from capacitors.IntLib
Replace Part C? CAP_100nF in D:\Seasonprep_repo\Season_26_AE_Hardware_System\Fligh_controller\Flight_Controller_v1\Flight_Controller_v1.SchDoc with CAP_100nF from capacitors.IntLib
Replace Part C? CAP_4.7uF in D:\Seasonprep_repo\Season_26_AE_Hardware_System\Fligh_controller\Flight_Controller_v1\Flight_Controller_v1.SchDoc with CAP_4.7uF from capacitors.IntLib
Replace Part C? CAP_100nF in D:\Seasonprep_repo\Season_26_AE_Hardware_System\Fligh_controller\Flight_Controller_v1\Flight_Controller_v1.SchDoc with CAP_100nF from capacitors.IntLib
Replace Part C? CAP_100nF in D:\Seasonprep_repo\Season_26_AE_Hardware_System\Fligh_controller\Flight_Controller_v1\Flight_Controller_v1.SchDoc with CAP_100nF from capacitors.IntLib
Replace Part C? CAP_100nF in D:\Seasonprep_repo\Season_26_AE_Hardware_System\Fligh_controller\Flight_Controller_v1\Flight_Controller_v1.SchDoc with CAP_100nF from capacitors.IntLib
Replace Part C? CAP_0402_10UF in D:\Seasonprep_repo\Season_26_AE_Hardware_System\Fligh_controller\Flight_Controller_v1\Flight_Controller_v1.SchDoc with CAP_0402_10UF from capacitors.IntLib
Replace Part C? CAP_100nF in D:\Seasonprep_repo\Season_26_AE_Hardware_System\Fligh_controller\Flight_Controller_v1\Flight_Controller_v1.SchDoc with CAP_100nF from capacitors.IntLib
Replace Part C? CAP_0603_10nf in D:\Seasonprep_repo\Season_26_AE_Hardware_System\Fligh_controller\Flight_Controller_v1\Flight_Controller_v1.SchDoc with CAP_0603_10nf from capacitors.IntLib
Replace Part D? Schottky_40v_3A in D:\Seasonprep_repo\Season_26_AE_Hardware_System\Fligh_controller\Flight_Controller_v1\Flight_Controller_v1.SchDoc with Schottky_40v_3A from Diodes.IntLib
Replace Part J? TF-CARD H1.8 SY in D:\Seasonprep_repo\Season_26_AE_Hardware_System\Fligh_controller\Flight_Controller_v1\Flight_Controller_v1.SchDoc with TF-CARD H1.8 SY from Connectors.IntLib
Replace Part J? XT30PW-M in D:\Seasonprep_repo\Season_26_AE_Hardware_System\Fligh_controller\Flight_Controller_v1\Flight_Controller_v1.SchDoc with XT30PW-M from Connectors.IntLib
Replace Part J? USB_C in D:\Seasonprep_repo\Season_26_AE_Hardware_System\Fligh_controller\Flight_Controller_v1\Flight_Controller_v1.SchDoc with USB_C from Connectors.IntLib
Replace Part L? IND_12.3_22uH in D:\Seasonprep_repo\Season_26_AE_Hardware_System\Fligh_controller\Flight_Controller_v1\Flight_Controller_v1.SchDoc with IND_12.3_22uH from inductors.IntLib
Replace Part Q? AO4407A in D:\Seasonprep_repo\Season_26_AE_Hardware_System\Fligh_controller\Flight_Controller_v1\Flight_Controller_v1.SchDoc with AO4407A from MOSFETs.IntLib
Replace Part R? RES_0603_23.7K in D:\Seasonprep_repo\Season_26_AE_Hardware_System\Fligh_controller\Flight_Controller_v1\Flight_Controller_v1.SchDoc with RES_0603_23.7K from Resistors_new.IntLib
Replace Part R? RES_0603_49.9K in D:\Seasonprep_repo\Season_26_AE_Hardware_System\Fligh_controller\Flight_Controller_v1\Flight_Controller_v1.SchDoc with RES_0603_49.9K from Resistors_new.IntLib
Replace Part R? RES_0402_10K in D:\Seasonprep_repo\Season_26_AE_Hardware_System\Fligh_controller\Flight_Controller_v1\Flight_Controller_v1.SchDoc with RES_0402_10K from Resistors_new.IntLib
Replace Part R? RES_0402_10K in D:\Seasonprep_repo\Season_26_AE_Hardware_System\Fligh_controller\Flight_Controller_v1\Flight_Controller_v1.SchDoc with RES_0402_10K from Resistors_new.IntLib
Replace Part R? RES_0402_4.7K in D:\Seasonprep_repo\Season_26_AE_Hardware_System\Fligh_controller\Flight_Controller_v1\Flight_Controller_v1.SchDoc with RES_0402_4.7K from Resistors_new.IntLib
Replace Part R? RES_0402_5.1K in D:\Seasonprep_repo\Season_26_AE_Hardware_System\Fligh_controller\Flight_Controller_v1\Flight_Controller_v1.SchDoc with RES_0402_5.1K from Resistors_new.IntLib
Replace Part R? RES_0402_5.1K in D:\Seasonprep_repo\Season_26_AE_Hardware_System\Fligh_controller\Flight_Controller_v1\Flight_Controller_v1.SchDoc with RES_0402_5.1K from Resistors_new.IntLib
Replace Part R? RES_0603_51.1K in D:\Seasonprep_repo\Season_26_AE_Hardware_System\Fligh_controller\Flight_Controller_v1\Flight_Controller_v1.SchDoc with RES_0603_51.1K from Resistors_new.IntLib
Replace Part R? RES_0603_23.7K in D:\Seasonprep_repo\Season_26_AE_Hardware_System\Fligh_controller\Flight_Controller_v1\Flight_Controller_v1.SchDoc with RES_0603_23.7K from Resistors_new.IntLib
Replace Part R? RES_0603_23.7K in D:\Seasonprep_repo\Season_26_AE_Hardware_System\Fligh_controller\Flight_Controller_v1\Flight_Controller_v1.SchDoc with RES_0603_23.7K from Resistors_new.IntLib
Replace Part R? RES_0402_27R in D:\Seasonprep_repo\Season_26_AE_Hardware_System\Fligh_controller\Flight_Controller_v1\Flight_Controller_v1.SchDoc with RES_0402_27R from Resistors_new.IntLib
Replace Part R? RES_0402_0R in D:\Seasonprep_repo\Season_26_AE_Hardware_System\Fligh_controller\Flight_Controller_v1\Flight_Controller_v1.SchDoc with RES_0402_0R from Resistors_new.IntLib
Replace Part R? RES_0402_27R in D:\Seasonprep_repo\Season_26_AE_Hardware_System\Fligh_controller\Flight_Controller_v1\Flight_Controller_v1.SchDoc with RES_0402_27R from Resistors_new.IntLib
Replace Part R? RES_0603_3.9K in D:\Seasonprep_repo\Season_26_AE_Hardware_System\Fligh_controller\Flight_Controller_v1\Flight_Controller_v1.SchDoc with RES_0603_3.9K from Resistors_new.IntLib
Replace Part R? RES_0603_3.9K in D:\Seasonprep_repo\Season_26_AE_Hardware_System\Fligh_controller\Flight_Controller_v1\Flight_Controller_v1.SchDoc with RES_0603_3.9K from Resistors_new.IntLib
Replace Part R? RES_0402_5.1K in D:\Seasonprep_repo\Season_26_AE_Hardware_System\Fligh_controller\Flight_Controller_v1\Flight_Controller_v1.SchDoc with RES_0402_5.1K from Resistors_new.IntLib
Replace Part R? RES_0402_5.1K in D:\Seasonprep_repo\Season_26_AE_Hardware_System\Fligh_controller\Flight_Controller_v1\Flight_Controller_v1.SchDoc with RES_0402_5.1K from Resistors_new.IntLib
Replace Part R? RES_0402_0R in D:\Seasonprep_repo\Season_26_AE_Hardware_System\Fligh_controller\Flight_Controller_v1\Flight_Controller_v1.SchDoc with RES_0402_0R from Resistors_new.IntLib
Replace Part R? RES_0402_0R in D:\Seasonprep_repo\Season_26_AE_Hardware_System\Fligh_controller\Flight_Controller_v1\Flight_Controller_v1.SchDoc with RES_0402_0R from Resistors_new.IntLib
Replace Part R? RES_0402_0R in D:\Seasonprep_repo\Season_26_AE_Hardware_System\Fligh_controller\Flight_Controller_v1\Flight_Controller_v1.SchDoc with RES_0402_0R from Resistors_new.IntLib
Replace Part U? BMP388 in D:\Seasonprep_repo\Season_26_AE_Hardware_System\Fligh_controller\Flight_Controller_v1\Flight_Controller_v1.SchDoc with BMP388 from Sensors.IntLib
Replace Part U? STM32H753VIT6 in D:\Seasonprep_repo\Season_26_AE_Hardware_System\Fligh_controller\Flight_Controller_v1\Flight_Controller_v1.SchDoc with STM32H753VIT6 from ICs.IntLib
Replace Part U? AOZ1282CI in D:\Seasonprep_repo\Season_26_AE_Hardware_System\Fligh_controller\Flight_Controller_v1\Flight_Controller_v1.SchDoc with AOZ1282CI from Switching_regulators (1).IntLib
Replace Part U? ICM-42688-P in D:\Seasonprep_repo\Season_26_AE_Hardware_System\Fligh_controller\Flight_Controller_v1\Flight_Controller_v1.SchDoc with ICM-42688-P from Sensors.IntLib
Replace Part U? MPU-6000 in D:\Seasonprep_repo\Season_26_AE_Hardware_System\Fligh_controller\Flight_Controller_v1\Flight_Controller_v1.SchDoc with MPU-6000 from Sensors.IntLib
Replace Part U? BMP280 in D:\Seasonprep_repo\Season_26_AE_Hardware_System\Fligh_controller\Flight_Controller_v1\Flight_Controller_v1.SchDoc with BMP280 from Sensors.IntLib
