Replace Part C1 CAP_100nF in D:\Seasonprep_repo\Season_26_AE_Hardware_System\Fligh_controller\Flight_Controller_v1\Flight_Controller_v1.SchDoc with CAP_100nF from capacitors.IntLib
Replace Part C2 CAP_100nF in D:\Seasonprep_repo\Season_26_AE_Hardware_System\Fligh_controller\Flight_Controller_v1\Flight_Controller_v1.SchDoc with CAP_100nF from capacitors.IntLib
Replace Part C3 CAP_10uF in D:\Seasonprep_repo\Season_26_AE_Hardware_System\Fligh_controller\Flight_Controller_v1\Flight_Controller_v1.SchDoc with CAP_10uF from capacitors.IntLib
Replace Part C4 CAP_0603_10nf in D:\Seasonprep_repo\Season_26_AE_Hardware_System\Fligh_controller\Flight_Controller_v1\Flight_Controller_v1.SchDoc with CAP_0603_10nf from capacitors.IntLib
Replace Part C5 CAP_100nF in D:\Seasonprep_repo\Season_26_AE_Hardware_System\Fligh_controller\Flight_Controller_v1\Flight_Controller_v1.SchDoc with CAP_100nF from capacitors.IntLib
Replace Part C6 CAP_100nF in D:\Seasonprep_repo\Season_26_AE_Hardware_System\Fligh_controller\Flight_Controller_v1\Flight_Controller_v1.SchDoc with CAP_100nF from capacitors.IntLib
Replace Part C7 CAP_100nF in D:\Seasonprep_repo\Season_26_AE_Hardware_System\Fligh_controller\Flight_Controller_v1\Flight_Controller_v1.SchDoc with CAP_100nF from capacitors.IntLib
Replace Part C8 CAP_100nF in D:\Seasonprep_repo\Season_26_AE_Hardware_System\Fligh_controller\Flight_Controller_v1\Flight_Controller_v1.SchDoc with CAP_100nF from capacitors.IntLib
Replace Part C9 CAP_4.7uF in D:\Seasonprep_repo\Season_26_AE_Hardware_System\Fligh_controller\Flight_Controller_v1\Flight_Controller_v1.SchDoc with CAP_4.7uF from capacitors.IntLib
Replace Part C10 CAP_100nF in D:\Seasonprep_repo\Season_26_AE_Hardware_System\Fligh_controller\Flight_Controller_v1\Flight_Controller_v1.SchDoc with CAP_100nF from capacitors.IntLib
Replace Part C11 CAP_100nF in D:\Seasonprep_repo\Season_26_AE_Hardware_System\Fligh_controller\Flight_Controller_v1\Flight_Controller_v1.SchDoc with CAP_100nF from capacitors.IntLib
Replace Part C12 CAP_100nF in D:\Seasonprep_repo\Season_26_AE_Hardware_System\Fligh_controller\Flight_Controller_v1\Flight_Controller_v1.SchDoc with CAP_100nF from capacitors.IntLib
Replace Part C13 CAP_100nF in D:\Seasonprep_repo\Season_26_AE_Hardware_System\Fligh_controller\Flight_Controller_v1\Flight_Controller_v1.SchDoc with CAP_100nF from capacitors.IntLib
Replace Part C14 CAP_4.7uF in D:\Seasonprep_repo\Season_26_AE_Hardware_System\Fligh_controller\Flight_Controller_v1\Flight_Controller_v1.SchDoc with CAP_4.7uF from capacitors.IntLib
Replace Part C15 CAP_22uF in D:\Seasonprep_repo\Season_26_AE_Hardware_System\Fligh_controller\Flight_Controller_v1\Flight_Controller_v1.SchDoc with CAP_22uF from capacitors.IntLib
Replace Part C16 CAP_0603_10nf in D:\Seasonprep_repo\Season_26_AE_Hardware_System\Fligh_controller\Flight_Controller_v1\Flight_Controller_v1.SchDoc with CAP_0603_10nf from capacitors.IntLib
Replace Part C17 CAP_4.7uF in D:\Seasonprep_repo\Season_26_AE_Hardware_System\Fligh_controller\Flight_Controller_v1\Flight_Controller_v1.SchDoc with CAP_4.7uF from capacitors.IntLib
Replace Part C19 CAP_22pF in D:\Seasonprep_repo\Season_26_AE_Hardware_System\Fligh_controller\Flight_Controller_v1\Flight_Controller_v1.SchDoc with CAP_22pF from capacitors.IntLib
Replace Part C20 CAP_0402_0.1UF in D:\Seasonprep_repo\Season_26_AE_Hardware_System\Fligh_controller\Flight_Controller_v1\Flight_Controller_v1.SchDoc with CAP_0402_0.1UF from capacitors.IntLib
Replace Part C21 E3SB25E001803E in D:\Seasonprep_repo\Season_26_AE_Hardware_System\Fligh_controller\Flight_Controller_v1\Flight_Controller_v1.SchDoc with E3SB25E001803E from capacitors.IntLib
Replace Part C22 CAP_22pF in D:\Seasonprep_repo\Season_26_AE_Hardware_System\Fligh_controller\Flight_Controller_v1\Flight_Controller_v1.SchDoc with CAP_22pF from capacitors.IntLib
Replace Part C24 CAP_10uF in D:\Seasonprep_repo\Season_26_AE_Hardware_System\Fligh_controller\Flight_Controller_v1\Flight_Controller_v1.SchDoc with CAP_10uF from capacitors.IntLib
Replace Part C25 CAP_22uF in D:\Seasonprep_repo\Season_26_AE_Hardware_System\Fligh_controller\Flight_Controller_v1\Flight_Controller_v1.SchDoc with CAP_22uF from capacitors.IntLib
Replace Part C26 CAP_10uF in D:\Seasonprep_repo\Season_26_AE_Hardware_System\Fligh_controller\Flight_Controller_v1\Flight_Controller_v1.SchDoc with CAP_10uF from capacitors.IntLib
Replace Part C27 CAP_22uF in D:\Seasonprep_repo\Season_26_AE_Hardware_System\Fligh_controller\Flight_Controller_v1\Flight_Controller_v1.SchDoc with CAP_22uF from capacitors.IntLib
Replace Part C28 CAP_100nF in D:\Seasonprep_repo\Season_26_AE_Hardware_System\Fligh_controller\Flight_Controller_v1\Flight_Controller_v1.SchDoc with CAP_100nF from capacitors.IntLib
Replace Part C29 CAP_10uF in D:\Seasonprep_repo\Season_26_AE_Hardware_System\Fligh_controller\Flight_Controller_v1\Flight_Controller_v1.SchDoc with CAP_10uF from capacitors.IntLib
Replace Part C30 CAP_4.7uF in D:\Seasonprep_repo\Season_26_AE_Hardware_System\Fligh_controller\Flight_Controller_v1\Flight_Controller_v1.SchDoc with CAP_4.7uF from capacitors.IntLib
Replace Part C31 CAP_100nF in D:\Seasonprep_repo\Season_26_AE_Hardware_System\Fligh_controller\Flight_Controller_v1\Flight_Controller_v1.SchDoc with CAP_100nF from capacitors.IntLib
Replace Part C36 CAP_100nF in D:\Seasonprep_repo\Season_26_AE_Hardware_System\Fligh_controller\Flight_Controller_v1\Flight_Controller_v1.SchDoc with CAP_100nF from capacitors.IntLib
Replace Part C37 CAP_100nF in D:\Seasonprep_repo\Season_26_AE_Hardware_System\Fligh_controller\Flight_Controller_v1\Flight_Controller_v1.SchDoc with CAP_100nF from capacitors.IntLib
Replace Part C38 CAP_100nF in D:\Seasonprep_repo\Season_26_AE_Hardware_System\Fligh_controller\Flight_Controller_v1\Flight_Controller_v1.SchDoc with CAP_100nF from capacitors.IntLib
Replace Part C39 CAP_100nF in D:\Seasonprep_repo\Season_26_AE_Hardware_System\Fligh_controller\Flight_Controller_v1\Flight_Controller_v1.SchDoc with CAP_100nF from capacitors.IntLib
Replace Part C40 CAP_22uF in D:\Seasonprep_repo\Season_26_AE_Hardware_System\Fligh_controller\Flight_Controller_v1\Flight_Controller_v1.SchDoc with CAP_22uF from capacitors.IntLib
Replace Part C41 CAP_22uF in D:\Seasonprep_repo\Season_26_AE_Hardware_System\Fligh_controller\Flight_Controller_v1\Flight_Controller_v1.SchDoc with CAP_22uF from capacitors.IntLib
Replace Part C42 CAP_22uF in D:\Seasonprep_repo\Season_26_AE_Hardware_System\Fligh_controller\Flight_Controller_v1\Flight_Controller_v1.SchDoc with CAP_22uF from capacitors.IntLib
Replace Part C43 CAP_22uF in D:\Seasonprep_repo\Season_26_AE_Hardware_System\Fligh_controller\Flight_Controller_v1\Flight_Controller_v1.SchDoc with CAP_22uF from capacitors.IntLib
Replace Part D1 ESD5Z5.0 in D:\Seasonprep_repo\Season_26_AE_Hardware_System\Fligh_controller\Flight_Controller_v1\Flight_Controller_v1.SchDoc with ESD5Z5.0 from Diodes.IntLib
Replace Part D3 Schottky_40v_3A in D:\Seasonprep_repo\Season_26_AE_Hardware_System\Fligh_controller\Flight_Controller_v1\Flight_Controller_v1.SchDoc with Schottky_40v_3A from Diodes.IntLib
Replace Part F1 0451020.MRL in D:\Seasonprep_repo\Season_26_AE_Hardware_System\Fligh_controller\Flight_Controller_v1\Flight_Controller_v1.SchDoc with 0451020.MRL from Fuse.IntLib
Replace Part I1 BLM18SG121TN1D in D:\Seasonprep_repo\Season_26_AE_Hardware_System\Fligh_controller\Flight_Controller_v1\Flight_Controller_v1.SchDoc with BLM18SG121TN1D from inductors.IntLib
Replace Part I2 BLM18SG121TN1D in D:\Seasonprep_repo\Season_26_AE_Hardware_System\Fligh_controller\Flight_Controller_v1\Flight_Controller_v1.SchDoc with BLM18SG121TN1D from inductors.IntLib
Replace Part J1 XT30PW-M in D:\Seasonprep_repo\Season_26_AE_Hardware_System\Fligh_controller\Flight_Controller_v1\Flight_Controller_v1.SchDoc with XT30PW-M from Connectors.IntLib
Replace Part J4 USB_C in D:\Seasonprep_repo\Season_26_AE_Hardware_System\Fligh_controller\Flight_Controller_v1\Flight_Controller_v1.SchDoc with USB_C from Connectors.IntLib
Replace Part J6 TF-CARD H1.8 SY in D:\Seasonprep_repo\Season_26_AE_Hardware_System\Fligh_controller\Flight_Controller_v1\Flight_Controller_v1.SchDoc with TF-CARD H1.8 SY from Connectors.IntLib
Replace Part L1 IND_12.3_22uH in D:\Seasonprep_repo\Season_26_AE_Hardware_System\Fligh_controller\Flight_Controller_v1\Flight_Controller_v1.SchDoc with IND_12.3_22uH from inductors.IntLib
Replace Part Q1 AO4407A in D:\Seasonprep_repo\Season_26_AE_Hardware_System\Fligh_controller\Flight_Controller_v1\Flight_Controller_v1.SchDoc with AO4407A from MOSFETs.IntLib
Replace Part R1 RES_0603_3.9K in D:\Seasonprep_repo\Season_26_AE_Hardware_System\Fligh_controller\Flight_Controller_v1\Flight_Controller_v1.SchDoc with RES_0603_3.9K from Resistors_new.IntLib
Replace Part R2 RES_0603_3.9K in D:\Seasonprep_repo\Season_26_AE_Hardware_System\Fligh_controller\Flight_Controller_v1\Flight_Controller_v1.SchDoc with RES_0603_3.9K from Resistors_new.IntLib
Replace Part R3 RES_0402_0R in D:\Seasonprep_repo\Season_26_AE_Hardware_System\Fligh_controller\Flight_Controller_v1\Flight_Controller_v1.SchDoc with RES_0402_0R from Resistors_new.IntLib
Replace Part R4 RES_0402_10K in D:\Seasonprep_repo\Season_26_AE_Hardware_System\Fligh_controller\Flight_Controller_v1\Flight_Controller_v1.SchDoc with RES_0402_10K from Resistors_new.IntLib
Replace Part R6 RES_0402_9.2K in D:\Seasonprep_repo\Season_26_AE_Hardware_System\Fligh_controller\Flight_Controller_v1\Flight_Controller_v1.SchDoc with RES_0402_9.2K from Resistors_new.IntLib
Replace Part R7 RES_0603_23.7K in D:\Seasonprep_repo\Season_26_AE_Hardware_System\Fligh_controller\Flight_Controller_v1\Flight_Controller_v1.SchDoc with RES_0603_23.7K from Resistors_new.IntLib
Replace Part R8 RES_0603_49.9K in D:\Seasonprep_repo\Season_26_AE_Hardware_System\Fligh_controller\Flight_Controller_v1\Flight_Controller_v1.SchDoc with RES_0603_49.9K from Resistors_new.IntLib
Replace Part R9 RES_0402_5.1K in D:\Seasonprep_repo\Season_26_AE_Hardware_System\Fligh_controller\Flight_Controller_v1\Flight_Controller_v1.SchDoc with RES_0402_5.1K from Resistors_new.IntLib
Replace Part R10 RES_0603_23.7K in D:\Seasonprep_repo\Season_26_AE_Hardware_System\Fligh_controller\Flight_Controller_v1\Flight_Controller_v1.SchDoc with RES_0603_23.7K from Resistors_new.IntLib
Replace Part R11 RES_0603_23.7K in D:\Seasonprep_repo\Season_26_AE_Hardware_System\Fligh_controller\Flight_Controller_v1\Flight_Controller_v1.SchDoc with RES_0603_23.7K from Resistors_new.IntLib
Replace Part R12 RES_0603_51.1K in D:\Seasonprep_repo\Season_26_AE_Hardware_System\Fligh_controller\Flight_Controller_v1\Flight_Controller_v1.SchDoc with RES_0603_51.1K from Resistors_new.IntLib
Replace Part R13 RES_0402_5.1K in D:\Seasonprep_repo\Season_26_AE_Hardware_System\Fligh_controller\Flight_Controller_v1\Flight_Controller_v1.SchDoc with RES_0402_5.1K from Resistors_new.IntLib
Replace Part R14 RES_0402_10K in D:\Seasonprep_repo\Season_26_AE_Hardware_System\Fligh_controller\Flight_Controller_v1\Flight_Controller_v1.SchDoc with RES_0402_10K from Resistors_new.IntLib
Replace Part R15 RES_0402_0R in D:\Seasonprep_repo\Season_26_AE_Hardware_System\Fligh_controller\Flight_Controller_v1\Flight_Controller_v1.SchDoc with RES_0402_0R from Resistors_new.IntLib
Replace Part R16 RES_0402_0R in D:\Seasonprep_repo\Season_26_AE_Hardware_System\Fligh_controller\Flight_Controller_v1\Flight_Controller_v1.SchDoc with RES_0402_0R from Resistors_new.IntLib
Replace Part R23 RES_0402_0R in D:\Seasonprep_repo\Season_26_AE_Hardware_System\Fligh_controller\Flight_Controller_v1\Flight_Controller_v1.SchDoc with RES_0402_0R from Resistors_new.IntLib
Replace Part R24 RES_0402_27R in D:\Seasonprep_repo\Season_26_AE_Hardware_System\Fligh_controller\Flight_Controller_v1\Flight_Controller_v1.SchDoc with RES_0402_27R from Resistors_new.IntLib
Replace Part R25 RES_0402_27R in D:\Seasonprep_repo\Season_26_AE_Hardware_System\Fligh_controller\Flight_Controller_v1\Flight_Controller_v1.SchDoc with RES_0402_27R from Resistors_new.IntLib
Replace Part R26 RES_0402_0R in D:\Seasonprep_repo\Season_26_AE_Hardware_System\Fligh_controller\Flight_Controller_v1\Flight_Controller_v1.SchDoc with RES_0402_0R from Resistors_new.IntLib
Replace Part R30 RES_0402_10K in D:\Seasonprep_repo\Season_26_AE_Hardware_System\Fligh_controller\Flight_Controller_v1\Flight_Controller_v1.SchDoc with RES_0402_10K from Resistors_new.IntLib
Replace Part R31 RES_0402_4.7K in D:\Seasonprep_repo\Season_26_AE_Hardware_System\Fligh_controller\Flight_Controller_v1\Flight_Controller_v1.SchDoc with RES_0402_4.7K from Resistors_new.IntLib
Replace Part R32 RES_0402_5.1K in D:\Seasonprep_repo\Season_26_AE_Hardware_System\Fligh_controller\Flight_Controller_v1\Flight_Controller_v1.SchDoc with RES_0402_5.1K from Resistors_new.IntLib
Replace Part R33 RES_0402_5.1K in D:\Seasonprep_repo\Season_26_AE_Hardware_System\Fligh_controller\Flight_Controller_v1\Flight_Controller_v1.SchDoc with RES_0402_5.1K from Resistors_new.IntLib
Replace Part R34 RES_0402_10K in D:\Seasonprep_repo\Season_26_AE_Hardware_System\Fligh_controller\Flight_Controller_v1\Flight_Controller_v1.SchDoc with RES_0402_10K from Resistors_new.IntLib
Replace Part SW1 PUSH_BUTTON1 in D:\Seasonprep_repo\Season_26_AE_Hardware_System\Fligh_controller\Flight_Controller_v1\Flight_Controller_v1.SchDoc with PUSH_BUTTON1 from Integrated_Library1.IntLib
Replace Part SW2 PUSH_BUTTON1 in D:\Seasonprep_repo\Season_26_AE_Hardware_System\Fligh_controller\Flight_Controller_v1\Flight_Controller_v1.SchDoc with PUSH_BUTTON1 from Integrated_Library1.IntLib
Replace Part U1 ICM-42688-P in D:\Seasonprep_repo\Season_26_AE_Hardware_System\Fligh_controller\Flight_Controller_v1\Flight_Controller_v1.SchDoc with ICM-42688-P from Sensors.IntLib
Replace Part U2 MPU-6000 in D:\Seasonprep_repo\Season_26_AE_Hardware_System\Fligh_controller\Flight_Controller_v1\Flight_Controller_v1.SchDoc with MPU-6000 from Sensors.IntLib
Replace Part U3 AOZ1282CI in D:\Seasonprep_repo\Season_26_AE_Hardware_System\Fligh_controller\Flight_Controller_v1\Flight_Controller_v1.SchDoc with AOZ1282CI from Switching_regulators (1).IntLib
Replace Part U4 BMP388 in D:\Seasonprep_repo\Season_26_AE_Hardware_System\Fligh_controller\Flight_Controller_v1\Flight_Controller_v1.SchDoc with BMP388 from Sensors.IntLib
Replace Part U5 BMP280 in D:\Seasonprep_repo\Season_26_AE_Hardware_System\Fligh_controller\Flight_Controller_v1\Flight_Controller_v1.SchDoc with BMP280 from Sensors.IntLib
Replace Part U7 STM32H753VIT6 in D:\Seasonprep_repo\Season_26_AE_Hardware_System\Fligh_controller\Flight_Controller_v1\Flight_Controller_v1.SchDoc with STM32H753VIT6 from ICs.IntLib
Replace Part U10 AMS1117-3.3 in D:\Seasonprep_repo\Season_26_AE_Hardware_System\Fligh_controller\Flight_Controller_v1\Flight_Controller_v1.SchDoc with AMS1117-3.3 from LDO.IntLib
Replace Part U11 AMS1117-3.3 in D:\Seasonprep_repo\Season_26_AE_Hardware_System\Fligh_controller\Flight_Controller_v1\Flight_Controller_v1.SchDoc with AMS1117-3.3 from LDO.IntLib
