Added Component: Designator=J4(USB_C)
Add component (AddParameter): Name = "Category"; Value = "USB Connectors"; VariantName = "[No Variations]"
Add component (AddParameter): Name = "ComponentLink1Description"; Value = "https://datasheet.octopart.com:443/217179-0001-Molex-datasheet-158871109.pdf?src-supplier=ODG+(Origin+Data+Global)"; VariantName = "[No Variations]"
Add component (AddParameter): Name = "ComponentLink1URL"; Value = "https://datasheet.octopart.com:443/217179-0001-Molex-datasheet-158871109.pdf?src-supplier=ODG+(Origin+Data+Global)"; VariantName = "[No Variations]"
Add component (AddParameter): Name = "ComponentLink2Description"; Value = "https://sigma.octopart.com:443/158871110/technical_drawing/Molex-217179-0001.pdf?src-supplier=Upverter"; VariantName = "[No Variations]"
Add component (AddParameter): Name = "ComponentLink2URL"; Value = "https://sigma.octopart.com:443/158871110/technical_drawing/Molex-217179-0001.pdf?src-supplier=Upverter"; VariantName = "[No Variations]"
Add component (AddParameter): Name = "ComponentLink3Description"; Value = "https://datasheet.octopart.com:443/217179-0001-Molex-datasheet-164573281.pdf?src-supplier=RS+(Formerly+Allied+Electronics)"; VariantName = "[No Variations]"
Add component (AddParameter): Name = "ComponentLink3URL"; Value = "https://datasheet.octopart.com:443/217179-0001-Molex-datasheet-164573281.pdf?src-supplier=RS+(Formerly+Allied+Electronics)"; VariantName = "[No Variations]"
Add component (AddParameter): Name = "ComponentLink4Description"; Value = "http://sigma.octopart.com:80/reach_statement/Molex-company-74.pdf?src-supplier=Compliance+Statements"; VariantName = "[No Variations]"
Add component (AddParameter): Name = "ComponentLink4URL"; Value = "http://sigma.octopart.com:80/reach_statement/Molex-company-74.pdf?src-supplier=Compliance+Statements"; VariantName = "[No Variations]"
Add component (AddParameter): Name = "ComponentLink5Description"; Value = "http://sigma.octopart.com:80/rohs_statement/Molex-company-73.pdf?src-supplier=Compliance+Statements"; VariantName = "[No Variations]"
Add component (AddParameter): Name = "ComponentLink5URL"; Value = "http://sigma.octopart.com:80/rohs_statement/Molex-company-73.pdf?src-supplier=Compliance+Statements"; VariantName = "[No Variations]"
Add component (AddParameter): Name = "ComponentLink6Description"; Value = "http://sigma.octopart.com:80/conflict_mineral_statement/Molex-company-72.pdf?src-supplier=Compliance+Statements"; VariantName = "[No Variations]"
Add component (AddParameter): Name = "ComponentLink6URL"; Value = "http://sigma.octopart.com:80/conflict_mineral_statement/Molex-company-72.pdf?src-supplier=Compliance+Statements"; VariantName = "[No Variations]"
Add component (AddParameter): Name = "Contact Gender"; Value = "Female"; VariantName = "[No Variations]"
Add component (AddParameter): Name = "Contact Material"; Value = "Gold, Nickel"; VariantName = "[No Variations]"
Add component (AddParameter): Name = "Contact Resistance"; Value = "50mO"; VariantName = "[No Variations]"
Add component (AddParameter): Name = "Current Rating"; Value = "1.25A"; VariantName = "[No Variations]"
Add component (AddParameter): Name = "Dielectric Material"; Value = "Polyamide"; VariantName = "[No Variations]"
Add component (AddParameter): Name = "Gender"; Value = "Receptacle"; VariantName = "[No Variations]"
Add component (AddParameter): Name = "Height"; Value = "3.36mm"; VariantName = "[No Variations]"
Add component (AddParameter): Name = "Insulation Resistance"; Value = "100MO"; VariantName = "[No Variations]"
Add component (AddParameter): Name = "LCSC NUMBER"; Value = "C3197684"; VariantName = "[No Variations]"
Add component (AddParameter): Name = "Lifecycle Status"; Value = "Production"; VariantName = "[No Variations]"
Add component (AddParameter): Name = "Manufacturer"; Value = "Molex"; VariantName = "[No Variations]"
Add component (AddParameter): Name = "Manufacturer Part Number"; Value = "217179-0001"; VariantName = "[No Variations]"
Add component (AddParameter): Name = "Max Operating Temperature"; Value = "85°C"; VariantName = "[No Variations]"
Add component (AddParameter): Name = "Min Operating Temperature"; Value = "-40°C"; VariantName = "[No Variations]"
Add component (AddParameter): Name = "Number of Contacts"; Value = "16"; VariantName = "[No Variations]"
Add component (AddParameter): Name = "Number of Ports"; Value = "1"; VariantName = "[No Variations]"
Add component (AddParameter): Name = "Number of Rows"; Value = "1"; VariantName = "[No Variations]"
Add component (AddParameter): Name = "Pins"; Value = "16"; VariantName = "[No Variations]"
Add component (AddParameter): Name = "Pricing"; Value = "1=0.6714, 10=0.617, 25=0.573, 50=0.562, 100=0.534, 250=0.511, 500=0.477, 1200=0.432, 2400=0.399 (USD)"; VariantName = "[No Variations]"
Add component (AddParameter): Name = "REACH SVHC"; Value = "Yes"; VariantName = "[No Variations]"
Add component (AddParameter): Name = "RoHS"; Value = "Compliant"; VariantName = "[No Variations]"
Add component (AddParameter): Name = "Shell Finish"; Value = "Nickel"; VariantName = "[No Variations]"
Add component (AddParameter): Name = "Shell Material"; Value = "Stainless Steel"; VariantName = "[No Variations]"
Add component (AddParameter): Name = "Stock"; Value = "3219"; VariantName = "[No Variations]"
Add component (AddParameter): Name = "Supplier"; Value = "LCSC"; VariantName = "[No Variations]"
Add component (AddParameter): Name = "Supplier Part Number"; Value = "C3197684"; VariantName = "[No Variations]"
Add component (AddParameter): Name = "Terminal Pitch"; Value = "500µm"; VariantName = "[No Variations]"
Add component (AddParameter): Name = "USB Standard"; Value = "USB 2.0"; VariantName = "[No Variations]"
Add component (AddParameter): Name = "Voltage Rating"; Value = "30V"; VariantName = "[No Variations]"
Added Component: Designator=J6(Edge Connector)
Add component (AddParameter): Name = "Category"; Value = "Memory Cards"; VariantName = "[No Variations]"
Add component (AddParameter): Name = "Manufacturer"; Value = "SHOU HAN"; VariantName = "[No Variations]"
Add component (AddParameter): Name = "Manufacturer Part Number"; Value = "TF-CARD H1.8 SY"; VariantName = "[No Variations]"
Add component (AddParameter): Name = "Pricing"; Value = "10=0.483, 10=0.4412, 10=0.0606, 10=0.0528, 100=0.3471, 100=0.0476, 100=0.3799, 100=0.0415, 300=0.3291, 300=0.3006, 300=0.036, 300=0.0413, 1000=0.273, 1000=0.0326, 1000=0.0375, 1000=0.2988, 5000=0.2677, 5000=0.0293, 5000=0.2446, 5000=0.0336, 10000=0.2526, 10000=0.2307, 10000=0.0276, 10000=0.0317 (HKD)"; VariantName = "[No Variations]"
Add component (AddParameter): Name = "Stock"; Value = "12390"; VariantName = "[No Variations]"
Add component (AddParameter): Name = "Supplier"; Value = "LCSC"; VariantName = "[No Variations]"
Add component (AddParameter): Name = "Supplier Part Number"; Value = "C7529391"; VariantName = "[No Variations]"
Add Component: Footprint Not Found RESC1005X37N
Add Component: Footprint Not Found RES_10K
Add Component: Footprint Not Found RES_SMD_0402
Add Component: Footprint Not Found RESC1005X37N
Add Component: Footprint Not Found RESC1005X37N
Add Component: Footprint Not Found RESC1005X37N
Add Component: Footprint Not Found RESC1005X37N
Add Component: Footprint Not Found RESC1005X37N
Add Component: Footprint Not Found RESC1005X37N
Add Component: Footprint Not Found RESC1005X37N
Add Component: Footprint Not Found RESC1005X37N
Add Component: Footprint Not Found RESC1005X37N
Add Component: Footprint Not Found RESC1005X37N
Add Component: Footprint Not Found RESC1005X37N
Add Component: Footprint Not Found RESC1005X37N
Add Component: Footprint Not Found RESC1005X37N
Add Component: Footprint Not Found RESC1005X37N
Add Component: Footprint Not Found RESC1005X37N
Add Component: Footprint Not Found RESC1005X37N
Add Component: Footprint Not Found RESC1005X37N
Add Component: Footprint Not Found AMS1117
Add Component: Footprint Not Found AMS1117
Added Pin To Net: NetName=GND Pin=J4-1
Added Pin To Net: NetName=NetI1_1 Pin=J4-2
Added Pin To Net: NetName=CON1_USB_N Pin=J4-5
Added Pin To Net: NetName=CON1_USB_P Pin=J4-6
Added Pin To Net: NetName=CON1_USB_N Pin=J4-7
Added Pin To Net: NetName=CON1_USB_P Pin=J4-8
Added Pin To Net: NetName=NetI1_1 Pin=J4-11
Added Pin To Net: NetName=GND Pin=J4-12
Added Pin To Net: NetName=GND Pin=J4-S1
Added Pin To Net: NetName=GND Pin=J4-S2
Added Pin To Net: NetName=GND Pin=J4-S3
Added Pin To Net: NetName=GND Pin=J4-S4
Added Pin To Net: NetName=SDMMC1_D2 Pin=J6-1
Added Pin To Net: NetName=SDMMC1_D3 Pin=J6-2
Added Pin To Net: NetName=SDMMC1_CMD Pin=J6-3
Added Pin To Net: NetName=3V3 Pin=J6-4
Added Pin To Net: NetName=SDMMC1_CK Pin=J6-5
Added Pin To Net: NetName=GND Pin=J6-6
Added Pin To Net: NetName=SDMMC1_D0 Pin=J6-7
Added Pin To Net: NetName=SDMMC1_D1 Pin=J6-8
Added Pin To Net: NetName=NetJ6_9 Pin=J6-9
Added Pin To Net: NetName=GND Pin=J6-10
Added Pin To Net: NetName=GND Pin=J6-11
Added Pin To Net: NetName=GND Pin=J6-12
Added Pin To Net: NetName=GND Pin=J6-13
Add Pin To Net: Unknown Pin: Pin R3-1
Add Pin To Net: Unknown Pin: Pin R3-2
Add Pin To Net: Unknown Pin: Pin R4-1
Add Pin To Net: Unknown Pin: Pin R5-1
Add Pin To Net: Unknown Pin: Pin R5-2
Add Pin To Net: Unknown Pin: Pin R6-1
Add Pin To Net: Unknown Pin: Pin R6-2
Add Pin To Net: Unknown Pin: Pin R8-1
Add Pin To Net: Unknown Pin: Pin R8-2
Add Pin To Net: Unknown Pin: Pin R9-1
Add Pin To Net: Unknown Pin: Pin R9-2
Add Pin To Net: Unknown Pin: Pin R13-1
Add Pin To Net: Unknown Pin: Pin R13-2
Add Pin To Net: Unknown Pin: Pin R14-1
Add Pin To Net: Unknown Pin: Pin R14-2
Add Pin To Net: Unknown Pin: Pin R15-1
Add Pin To Net: Unknown Pin: Pin R15-2
Add Pin To Net: Unknown Pin: Pin R16-1
Add Pin To Net: Unknown Pin: Pin R16-2
Add Pin To Net: Unknown Pin: Pin R17-1
Add Pin To Net: Unknown Pin: Pin R17-2
Add Pin To Net: Unknown Pin: Pin R18-1
Add Pin To Net: Unknown Pin: Pin R18-2
Add Pin To Net: Unknown Pin: Pin R19-1
Add Pin To Net: Unknown Pin: Pin R19-2
Add Pin To Net: Unknown Pin: Pin R20-1
Add Pin To Net: Unknown Pin: Pin R20-2
Add Pin To Net: Unknown Pin: Pin R21-1
Add Pin To Net: Unknown Pin: Pin R21-2
Add Pin To Net: Unknown Pin: Pin R22-1
Add Pin To Net: Unknown Pin: Pin R22-2
Add Pin To Net: Unknown Pin: Pin R23-1
Add Pin To Net: Unknown Pin: Pin R23-2
Add Pin To Net: Unknown Pin: Pin R24-1
Add Pin To Net: Unknown Pin: Pin R24-2
Add Pin To Net: Unknown Pin: Pin R25-1
Add Pin To Net: Unknown Pin: Pin R25-2
Add Pin To Net: Unknown Pin: Pin R26-1
Add Pin To Net: Unknown Pin: Pin R26-2
Add Pin To Net: Unknown Pin: Pin R27-1
Add Pin To Net: Unknown Pin: Pin R27-2
Add Pin To Net: Unknown Pin: Pin R28-1
Add Pin To Net: Unknown Pin: Pin R28-2
Add Pin To Net: Unknown Pin: Pin R29-1
Add Pin To Net: Unknown Pin: Pin R29-2
Add Pin To Net: Unknown Pin: Pin R30-1
Add Pin To Net: Unknown Pin: Pin R30-2
Add Pin To Net: Unknown Pin: Pin R31-1
Add Pin To Net: Unknown Pin: Pin R31-2
Add Pin To Net: Unknown Pin: Pin R32-1
Add Pin To Net: Unknown Pin: Pin R33-1
Add Pin To Net: Unknown Pin: Pin R34-1
Add Pin To Net: Unknown Pin: Pin R34-2
Add Pin To Net: Unknown Pin: Pin U10-0
Add Pin To Net: Unknown Pin: Pin U10-1
Add Pin To Net: Unknown Pin: Pin U10-2
Add Pin To Net: Unknown Pin: Pin U10-4
Add Pin To Net: Unknown Pin: Pin U11-0
Add Pin To Net: Unknown Pin: Pin U11-1
Add Pin To Net: Unknown Pin: Pin U11-2
Add Pin To Net: Unknown Pin: Pin U11-4
Added Pin To Net: NetName=NetJ4_4 Pin=J4-4
Added Net: Name=NetJ4_4
Added Pin To Net: NetName=NetJ4_10 Pin=J4-10
Added Net: Name=NetJ4_10
Added Member To Class: ClassName=Flight_Controller_v1 Member=Component J4 2171790001
Added Member To Class: ClassName=Flight_Controller_v1 Member=Component J6 Micro SD holder
Add Class Member: Failed to add class member : Component R3 0R
Add Class Member: Failed to add class member : Component R4 10K
Add Class Member: Failed to add class member : Component R5 49.9K
Add Class Member: Failed to add class member : Component R6 9.53k
Add Class Member: Failed to add class member : Component R8 49.9K
Add Class Member: Failed to add class member : Component R9 5K1
Add Class Member: Failed to add class member : Component R13 5K1
Add Class Member: Failed to add class member : Component R14 10K
Add Class Member: Failed to add class member : Component R15 0R
Add Class Member: Failed to add class member : Component R16 0R
Add Class Member: Failed to add class member : Component R17 49.9K
Add Class Member: Failed to add class member : Component R18 49.9K
Add Class Member: Failed to add class member : Component R19 49.9K
Add Class Member: Failed to add class member : Component R20 10K
Add Class Member: Failed to add class member : Component R21 10K
Add Class Member: Failed to add class member : Component R22 10K
Add Class Member: Failed to add class member : Component R23 0R
Add Class Member: Failed to add class member : Component R24 27R
Add Class Member: Failed to add class member : Component R25 27R
Add Class Member: Failed to add class member : Component R26 0R
Add Class Member: Failed to add class member : Component R27 49.9K
Add Class Member: Failed to add class member : Component R28 49.9K
Add Class Member: Failed to add class member : Component R29 49.9K
Add Class Member: Failed to add class member : Component R30 10K
Add Class Member: Failed to add class member : Component R31 4K7
Add Class Member: Failed to add class member : Component R32 5K1
Add Class Member: Failed to add class member : Component R33 5K1
Add Class Member: Failed to add class member : Component R34 10K
Add Class Member: Failed to add class member : Component U10
Add Class Member: Failed to add class member : Component U11
