Removed Pin From Net: NetName=V_OUT Pin=J?-1
Removed Pin From Net: NetName=SDMMC1_D3 Pin=J?-2
Removed Pin From Net: NetName=VIN_FO Pin=R?-1
Removed Pin From Net: NetName=VBUS_SENSE Pin=R?-2
Change Component Designator: OldDesignator=C? NewDesignator=C1
Change Component Designator: OldDesignator=C? NewDesignator=C2
Change Component Designator: OldDesignator=C? NewDesignator=C3
Change Component Designator: OldDesignator=C? NewDesignator=C4
Change Component Designator: OldDesignator=C? NewDesignator=C5
Change Component Designator: OldDesignator=C? NewDesignator=C6
Change Component Designator: OldDesignator=C? NewDesignator=C7
Change Component Designator: OldDesignator=C? NewDesignator=C8
Change Component Designator: OldDesignator=C? NewDesignator=C9
Change Component Designator: OldDesignator=C? NewDesignator=C10
Change Component Designator: OldDesignator=C? NewDesignator=C11
Change Component Designator: OldDesignator=C? NewDesignator=C12
Change Component Designator: OldDesignator=C? NewDesignator=C13
Change Component Designator: OldDesignator=C? NewDesignator=C14
Change Component Designator: OldDesignator=C? NewDesignator=C15
Change Component Designator: OldDesignator=C? NewDesignator=C16
Change Component Designator: OldDesignator=C? NewDesignator=C17
Change Component Designator: OldDesignator=C? NewDesignator=C18
Change Component Designator: OldDesignator=C? NewDesignator=C19
Change Component Designator: OldDesignator=C? NewDesignator=C21
Change Component Designator: OldDesignator=C? NewDesignator=C23
Change Component Designator: OldDesignator=C? NewDesignator=C24
Change Component Designator: OldDesignator=C? NewDesignator=C25
Change Component Designator: OldDesignator=C? NewDesignator=C26
Change Component Designator: OldDesignator=C? NewDesignator=C27
Change Component Designator: OldDesignator=C? NewDesignator=C28
Change Component Designator: OldDesignator=C? NewDesignator=C29
Change Component Designator: OldDesignator=C? NewDesignator=C31
Change Component Designator: OldDesignator=C? NewDesignator=C32
Change Component Designator: OldDesignator=C? NewDesignator=C33
Change Component Designator: OldDesignator=C? NewDesignator=C34
Change Component Designator: OldDesignator=C? NewDesignator=C35
Change Component Designator: OldDesignator=C? NewDesignator=C36
Change Component Designator: OldDesignator=C? NewDesignator=C37
Change Component Designator: OldDesignator=C? NewDesignator=C38
Change Component Designator: OldDesignator=D? NewDesignator=D2
Change Component Designator: OldDesignator=D? NewDesignator=D3
Change Component Designator: OldDesignator=D? NewDesignator=D4
Change Component Designator: OldDesignator=D? NewDesignator=D5
Change Component Designator: OldDesignator=D? NewDesignator=D6
Change Component Designator: OldDesignator=J? NewDesignator=J3
Change Component Designator: OldDesignator=J? NewDesignator=J6
Change Component Designator: OldDesignator=L? NewDesignator=L1
Change Component Designator: OldDesignator=P? NewDesignator=P1
Change Component Designator: OldDesignator=P? NewDesignator=P2
Change Component Designator: OldDesignator=P? NewDesignator=P3
Change Component Designator: OldDesignator=P? NewDesignator=P4
Change Component Designator: OldDesignator=P? NewDesignator=P5
Change Component Designator: OldDesignator=Q? NewDesignator=Q1
Change Component Designator: OldDesignator=R? NewDesignator=R1
Change Component Designator: OldDesignator=R? NewDesignator=R2
Change Component Designator: OldDesignator=R? NewDesignator=R4
Change Component Designator: OldDesignator=R? NewDesignator=R9
Change Component Designator: OldDesignator=R? NewDesignator=R11
Change Component Designator: OldDesignator=R? NewDesignator=R12
Change Component Designator: OldDesignator=U? NewDesignator=U1
Change Component Designator: OldDesignator=U? NewDesignator=U2
Change Component Designator: OldDesignator=U? NewDesignator=U3
Change Component Designator: OldDesignator=U? NewDesignator=U4
Change Component Designator: OldDesignator=U? NewDesignator=U5
Change Component Designator: OldDesignator=U? NewDesignator=U6
Change Component Designator: OldDesignator=U? NewDesignator=U7
Change Component Designator: OldDesignator=U? NewDesignator=U8
Change Component Designator: OldDesignator=U? NewDesignator=U9
Add Component: Footprint Not Found CAP_0402
Add Component: Footprint Not Found CAP_0402
Add Component: Footprint Not Found CAPC1005X55N
Add Component: Footprint Not Found SOD3715X135N
Add Component: Footprint Not Found FP-0451-MFG
Add Component: Footprint Not Found KYOCERA-KNH16-DA
Add Component: Footprint Not Found KYOCERA-KNH16-DA
Add Component: Footprint Not Found AMS1117
Add Component: Footprint Not Found AMS1117
Add Component: Footprint Not Found FP-2171790001-MFG
Add Component: Footprint Not Found Edge Connector
Add Component: Footprint Not Found RESC1005X37N
Add Component: Footprint Not Found RES_10K
Add Component: Footprint Not Found RESC1005X37N
Add Component: Footprint Not Found RES_SMD_0402
Add Component: Footprint Not Found RESC1005X37N
Add Component: Footprint Not Found RESC1005X37N
Add Component: Footprint Not Found RESC1005X37N
Add Component: Footprint Not Found RESC1005X37N
Add Component: Footprint Not Found RESC1005X37N
Add Component: Footprint Not Found RESC1005X37N
Add Component: Footprint Not Found RESC1005X37N
Add Component: Footprint Not Found RESC1005X37N
Add Component: Footprint Not Found RESC1005X37N
Add Component: Footprint Not Found RESC1005X37N
Add Component: Footprint Not Found RESC1005X37N
Add Component: Footprint Not Found RESC1005X37N
Add Component: Footprint Not Found RESC1005X37N
Add Component: Footprint Not Found RESC1005X37N
Add Component: Footprint Not Found RESC1005X37N
Add Pin To Net: Unknown Pin: Pin C20-1
Add Pin To Net: Unknown Pin: Pin C22-2
Add Pin To Net: Unknown Pin: Pin C30-1
Add Pin To Net: Unknown Pin: Pin C30-2
Add Pin To Net: Unknown Pin: Pin D1-A
Add Pin To Net: Unknown Pin: Pin D1-C
Add Pin To Net: Unknown Pin: Pin F1-1
Add Pin To Net: Unknown Pin: Pin I1-2
Add Pin To Net: Unknown Pin: Pin I2-1
Add Pin To Net: Unknown Pin: Pin I2-2
Add Pin To Net: Unknown Pin: Pin J1-0
Add Pin To Net: Unknown Pin: Pin J1-1
Add Pin To Net: Unknown Pin: Pin J1-4
Add Pin To Net: Unknown Pin: Pin J2-0
Add Pin To Net: Unknown Pin: Pin J2-1
Add Pin To Net: Unknown Pin: Pin J2-4
Added Pin To Net: NetName=Input Pin=J3-1
Added Pin To Net: NetName=GND Pin=J3-2
Add Pin To Net: Unknown Pin: Pin J4-A1B12
Add Pin To Net: Unknown Pin: Pin J4-A6
Add Pin To Net: Unknown Pin: Pin J4-A7
Add Pin To Net: Unknown Pin: Pin J4-B1A12
Add Pin To Net: Unknown Pin: Pin J4-B6
Add Pin To Net: Unknown Pin: Pin J4-B7
Add Pin To Net: Unknown Pin: Pin J4-S1
Add Pin To Net: Unknown Pin: Pin J4-S2
Add Pin To Net: Unknown Pin: Pin J4-S3
Add Pin To Net: Unknown Pin: Pin J4-S4
Add Pin To Net: Unknown Pin: Pin J5-1
Add Pin To Net: Unknown Pin: Pin J5-2
Add Pin To Net: Unknown Pin: Pin J5-3
Add Pin To Net: Unknown Pin: Pin J5-4
Add Pin To Net: Unknown Pin: Pin J5-5
Add Pin To Net: Unknown Pin: Pin J5-7
Add Pin To Net: Unknown Pin: Pin J5-8
Add Pin To Net: Unknown Pin: Pin J5-10
Add Pin To Net: Unknown Pin: Pin J5-11
Add Pin To Net: Unknown Pin: Pin J5-12
Add Pin To Net: Unknown Pin: Pin J5-13
Add Pin To Net: Unknown Pin: Pin R3-1
Add Pin To Net: Unknown Pin: Pin R3-2
Added Pin To Net: NetName=System_5v Pin=R4-2
Add Pin To Net: Unknown Pin: Pin R5-2
Add Pin To Net: Unknown Pin: Pin R6-1
Add Pin To Net: Unknown Pin: Pin R7-2
Add Pin To Net: Unknown Pin: Pin R8-1
Add Pin To Net: Unknown Pin: Pin R10-2
Add Pin To Net: Unknown Pin: Pin R13-1
Add Pin To Net: Unknown Pin: Pin R13-2
Add Pin To Net: Unknown Pin: Pin R14-1
Add Pin To Net: Unknown Pin: Pin R14-2
Add Pin To Net: Unknown Pin: Pin R15-1
Add Pin To Net: Unknown Pin: Pin R15-2
Add Pin To Net: Unknown Pin: Pin R16-1
Add Pin To Net: Unknown Pin: Pin R17-1
Add Pin To Net: Unknown Pin: Pin R18-1
Add Pin To Net: Unknown Pin: Pin R19-1
Add Pin To Net: Unknown Pin: Pin R19-2
Add Pin To Net: Unknown Pin: Pin R20-1
Add Pin To Net: Unknown Pin: Pin R20-2
Add Pin To Net: Unknown Pin: Pin R21-1
Add Pin To Net: Unknown Pin: Pin R21-2
Add Pin To Net: Unknown Pin: Pin R22-1
Add Pin To Net: Unknown Pin: Pin R22-2
Add Pin To Net: Unknown Pin: Pin R23-1
Add Pin To Net: Unknown Pin: Pin R23-2
Add Pin To Net: Unknown Pin: Pin R24-1
Add Pin To Net: Unknown Pin: Pin R24-2
Add Pin To Net: Unknown Pin: Pin R25-1
Add Pin To Net: Unknown Pin: Pin R25-2
Add Pin To Net: Unknown Pin: Pin R26-1
Add Pin To Net: Unknown Pin: Pin R27-1
Add Pin To Net: Unknown Pin: Pin R27-2
Add Pin To Net: Unknown Pin: Pin R28-1
Add Pin To Net: Unknown Pin: Pin R28-2
Add Pin To Net: Unknown Pin: Pin R29-2
Add Pin To Net: Unknown Pin: Pin R30-1
Add Pin To Net: Unknown Pin: Pin R30-2
Add Pin To Net: Unknown Pin: Pin R31-1
Add Pin To Net: Unknown Pin: Pin R32-1
Add Pin To Net: Unknown Pin: Pin R33-1
Add Pin To Net: Unknown Pin: Pin R33-2
Change Net Name : Old Net Name=NetC?_1 New Net Name=NetC28_1
Change Net Name : Old Net Name=NetD?_A New Net Name=NetD1_A
Change Net Name : Old Net Name=NetR?_2 New Net Name=NetR12_2
Added Pin To Net: NetName=NetC4_1 Pin=C4-1
Added Pin To Net: NetName=NetC4_1 Pin=U2-20
Added Net: Name=NetC4_1
Added Pin To Net: NetName=NetC6_2 Pin=C6-2
Added Pin To Net: NetName=NetC6_2 Pin=U2-10
Added Net: Name=NetC6_2
Added Pin To Net: NetName=NetC8_2 Pin=C8-2
Added Net: Name=NetC8_2
Added Pin To Net: NetName=NetC10_2 Pin=C10-2
Added Net: Name=NetC10_2
Added Pin To Net: NetName=NetC16_1 Pin=C16-1
Added Pin To Net: NetName=NetC16_1 Pin=U5-73
Added Net: Name=NetC16_1
Added Pin To Net: NetName=NetC20_2 Pin=C21-2
Added Pin To Net: NetName=NetC20_2 Pin=U5-12
Added Net: Name=NetC20_2
Added Pin To Net: NetName=NetC21_1 Pin=C21-1
Added Pin To Net: NetName=NetC21_1 Pin=U5-13
Added Net: Name=NetC21_1
Added Pin To Net: NetName=NetC24_1 Pin=C24-1
Added Pin To Net: NetName=NetC24_1 Pin=U7-11
Added Net: Name=NetC24_1
Added Pin To Net: NetName=NetC31_2 Pin=C31-2
Added Pin To Net: NetName=NetC31_2 Pin=C32-2
Added Pin To Net: NetName=NetC31_2 Pin=U9-12
Added Net: Name=NetC31_2
Added Pin To Net: NetName=NetF1_2 Pin=Q1-4
Added Net: Name=NetF1_2
Added Net: Name=NetI1_1
Added Net: Name=NetJ4_A5
Added Net: Name=NetJ4_B5
Added Net: Name=NetJ5_9
Added Pin To Net: NetName=NetR4_1 Pin=R4-1
Added Pin To Net: NetName=NetR4_1 Pin=U7-5
Added Net: Name=NetR4_1
Added Pin To Net: NetName=NetR5_1 Pin=R9-2
Added Pin To Net: NetName=NetR5_1 Pin=U7-6
Added Net: Name=NetR5_1
Added Net: Name=NetR7_1
Added Pin To Net: NetName=NetR11_1 Pin=R11-1
Added Pin To Net: NetName=NetR11_1 Pin=U7-4
Added Net: Name=NetR11_1
Added Pin To Net: NetName=NetR29_1 Pin=U9-15
Added Net: Name=NetR29_1
Added Member To Class: ClassName=Flight_Controller_v1 Member=Component C1 CAP_100nF
Added Member To Class: ClassName=Flight_Controller_v1 Member=Component C2 CAP_100nF
Added Member To Class: ClassName=Flight_Controller_v1 Member=Component C3 CAP_10uF
Added Member To Class: ClassName=Flight_Controller_v1 Member=Component C4 CAP_0603_10nf
Added Member To Class: ClassName=Flight_Controller_v1 Member=Component C5 CAP_100nF
Added Member To Class: ClassName=Flight_Controller_v1 Member=Component C6 CAP_100nF
Added Member To Class: ClassName=Flight_Controller_v1 Member=Component C7 CAP_100nF
Added Member To Class: ClassName=Flight_Controller_v1 Member=Component C8 CAP_10uF
Added Member To Class: ClassName=Flight_Controller_v1 Member=Component C9 22uF
Added Member To Class: ClassName=Flight_Controller_v1 Member=Component C10 CAP_10uF
Added Member To Class: ClassName=Flight_Controller_v1 Member=Component C11 22uF
Added Member To Class: ClassName=Flight_Controller_v1 Member=Component C12 CAP_100nF
Added Member To Class: ClassName=Flight_Controller_v1 Member=Component C13 CAP_100nF
Added Member To Class: ClassName=Flight_Controller_v1 Member=Component C14 CAP_100nF
Added Member To Class: ClassName=Flight_Controller_v1 Member=Component C15 CAP_100nF
Added Member To Class: ClassName=Flight_Controller_v1 Member=Component C16 CAP_2.2uF
Added Member To Class: ClassName=Flight_Controller_v1 Member=Component C17 CAP_100nF
Added Member To Class: ClassName=Flight_Controller_v1 Member=Component C18 CAP_4.7uF
Add Class Member: Failed to add class member : Component C20 CAP_22pF
Added Member To Class: ClassName=Flight_Controller_v1 Member=Component C21
Add Class Member: Failed to add class member : Component C22 CAP_22pF
Added Member To Class: ClassName=Flight_Controller_v1 Member=Component C23 CAP_4.7uF
Added Member To Class: ClassName=Flight_Controller_v1 Member=Component C24 =value
Added Member To Class: ClassName=Flight_Controller_v1 Member=Component C25 4.7uF
Added Member To Class: ClassName=Flight_Controller_v1 Member=Component C26 1uF
Added Member To Class: ClassName=Flight_Controller_v1 Member=Component C27 100nF
Added Member To Class: ClassName=Flight_Controller_v1 Member=Component C28 CAP_2.2uF
Added Member To Class: ClassName=Flight_Controller_v1 Member=Component C29 CAP_100nF
Add Class Member: Failed to add class member : Component C30 10uF, 10V
Added Member To Class: ClassName=Flight_Controller_v1 Member=Component C31 CAP_4.7uF
Added Member To Class: ClassName=Flight_Controller_v1 Member=Component C32 CAP_100nF
Added Member To Class: ClassName=Flight_Controller_v1 Member=Component C33 CAP_4.7uF
Added Member To Class: ClassName=Flight_Controller_v1 Member=Component C34 CAP_100nF
Added Member To Class: ClassName=Flight_Controller_v1 Member=Component C35 CAP_100nF
Added Member To Class: ClassName=Flight_Controller_v1 Member=Component C36 CAP_100nF
Added Member To Class: ClassName=Flight_Controller_v1 Member=Component C37 CAP_100nF
Added Member To Class: ClassName=Flight_Controller_v1 Member=Component C38 CAP_100nF
Add Class Member: Failed to add class member : Component D1 1N4148W-7
Added Member To Class: ClassName=Flight_Controller_v1 Member=Component D2 TVS-bidirectional-Diode
Added Member To Class: ClassName=Flight_Controller_v1 Member=Component D4 AQ3045-01ETG
Added Member To Class: ClassName=Flight_Controller_v1 Member=Component D5
Added Member To Class: ClassName=Flight_Controller_v1 Member=Component D6 AQ3045-01ETG
Add Class Member: Failed to add class member : Component F1 0451003.MRL
Add Class Member: Failed to add class member : Component I1 Ferrite Beads EMI FILTER
Add Class Member: Failed to add class member : Component I2 Ferrite Beads EMI FILTER
Add Class Member: Failed to add class member : Component J1 LDO Output 3.3 V
Add Class Member: Failed to add class member : Component J2 LDO Output 3.3 V
Add Class Member: Failed to add class member : Component J4 2171790001
Add Class Member: Failed to add class member : Component J5 Micro SD holder
Added Member To Class: ClassName=Flight_Controller_v1 Member=Component J6 12 pin 3 rows 2.54 mm header
Added Member To Class: ClassName=Flight_Controller_v1 Member=Component P2 JST_GH_V4
Added Member To Class: ClassName=Flight_Controller_v1 Member=Component P3 JST_GH_V3
Added Member To Class: ClassName=Flight_Controller_v1 Member=Component P4 JST_GH_V4
Added Member To Class: ClassName=Flight_Controller_v1 Member=Component P5 JST_GH_V4
Added Member To Class: ClassName=Flight_Controller_v1 Member=Component R1 3.9k
Add Class Member: Failed to add class member : Component R3 0R
Added Member To Class: ClassName=Flight_Controller_v1 Member=Component R4 23.7K
Add Class Member: Failed to add class member : Component R5 49.9K
Add Class Member: Failed to add class member : Component R6 10K
Add Class Member: Failed to add class member : Component R7 49.9K
Add Class Member: Failed to add class member : Component R8 5K1
Added Member To Class: ClassName=Flight_Controller_v1 Member=Component R9 23.7K
Add Class Member: Failed to add class member : Component R10 9.53k
Added Member To Class: ClassName=Flight_Controller_v1 Member=Component R11 23.7K
Added Member To Class: ClassName=Flight_Controller_v1 Member=Component R12 51.1K
Add Class Member: Failed to add class member : Component R13 10K
Add Class Member: Failed to add class member : Component R14 10K
Add Class Member: Failed to add class member : Component R15 10K
Add Class Member: Failed to add class member : Component R16 5K1
Add Class Member: Failed to add class member : Component R17 0R
Add Class Member: Failed to add class member : Component R18 0R
Add Class Member: Failed to add class member : Component R19 49.9K
Add Class Member: Failed to add class member : Component R20 49.9K
Add Class Member: Failed to add class member : Component R21 49.9K
Add Class Member: Failed to add class member : Component R22 0R
Add Class Member: Failed to add class member : Component R23 27R
Add Class Member: Failed to add class member : Component R24 49.9K
Add Class Member: Failed to add class member : Component R25 49.9K
Add Class Member: Failed to add class member : Component R26 49.9K
Add Class Member: Failed to add class member : Component R27 27R
Add Class Member: Failed to add class member : Component R28 0R
Add Class Member: Failed to add class member : Component R29 10K
Add Class Member: Failed to add class member : Component R30 4K7
Add Class Member: Failed to add class member : Component R31 5K1
Add Class Member: Failed to add class member : Component R32 5K1
Add Class Member: Failed to add class member : Component R33 10K
Added Member To Class: ClassName=Flight_Controller_v1 Member=Component U1 ICM-42688-P
Added Member To Class: ClassName=Flight_Controller_v1 Member=Component U3 BMP388
Added Member To Class: ClassName=Flight_Controller_v1 Member=Component U4 BMP280
Added Member To Class: ClassName=Flight_Controller_v1 Member=Component U5 STM32H753VIT6
Added Member To Class: ClassName=Flight_Controller_v1 Member=Component U6 AOZ1282CI
Added Member To Class: ClassName=Flight_Controller_v1 Member=Component U7 TPS2121RUXT
Added Member To Class: ClassName=Flight_Controller_v1 Member=Component U8 flash_memory_128megabits
Added Member To Class: ClassName=Flight_Controller_v1 Member=Component U9 FT231XQ-R
