Added Component: Designator=C29(CAP_10uF)
Add component (AddParameter): Name = "ComponentLink1Description"; Value = "Datasheet"; VariantName = "[No Variations]"
Add component (AddParameter): Name = "ComponentLink1URL"; Value = "https://www.lcsc.com/datasheet/C2168260.pdf"; VariantName = "[No Variations]"
Add component (AddParameter): Name = "manufacturer"; Value = "TDK"; VariantName = "[No Variations]"
Add component (AddParameter): Name = "manufacturer part number"; Value = "CGA5L1X7R1E106K160AC"; VariantName = "[No Variations]"
Add component (AddParameter): Name = "supplier"; Value = "LCSC"; VariantName = "[No Variations]"
Add component (AddParameter): Name = "supplier part number"; Value = "C2168260"; VariantName = "[No Variations]"
Add component (AddParameter): Name = "value"; Value = "10uf"; VariantName = "[No Variations]"
Add Component: Footprint Not Found SOD-523
Added Component: Designator=F1(FP-0451-MFG)
Add component (AddParameter): Name = "Category"; Value = "Fuse"; VariantName = "[No Variations]"
Add component (AddParameter): Name = "ComponentLink2Description"; Value = "Datasheet"; VariantName = "[No Variations]"
Add component (AddParameter): Name = "ComponentLink2URL"; Value = "https://www.littelfuse.com/~/media/electronics/datasheets/fuses/littelfuse_fuse_451_453_datasheet.pdf.pdf"; VariantName = "[No Variations]"
Add component (AddParameter): Name = "Datasheet Link"; Value = "https://www.lcsc.com/datasheet/C178980.pdf"; VariantName = "[No Variations]"
Add component (AddParameter): Name = "Device Class L1"; Value = "Circuit Protection"; VariantName = "[No Variations]"
Add component (AddParameter): Name = "Device Class L2"; Value = "Fuses"; VariantName = "[No Variations]"
Add component (AddParameter): Name = "Device Class L3"; Value = "unset"; VariantName = "[No Variations]"
Add component (AddParameter): Name = "Digikey Description"; Value = "FUSE BRD MNT 3A 125VAC/VDC 2SMD"; VariantName = "[No Variations]"
Add component (AddParameter): Name = "Fuse Blow Speed"; Value = "Fast"; VariantName = "[No Variations]"
Add component (AddParameter): Name = "Fuse Current"; Value = "3A"; VariantName = "[No Variations]"
Add component (AddParameter): Name = "Fuse I2T"; Value = "1.65A2Sec"; VariantName = "[No Variations]"
Add component (AddParameter): Name = "Fuse Interrupt Ac Current"; Value = "50A"; VariantName = "[No Variations]"
Add component (AddParameter): Name = "Fuse Interrupt Dc Current"; Value = "50A"; VariantName = "[No Variations]"
Add component (AddParameter): Name = "Height"; Value = "2.94mm"; VariantName = "[No Variations]"
Add component (AddParameter): Name = "LCSC link"; Value = "https://www.lcsc.com/product-detail/C13982.html?s_z=n_0451003.MRL"; VariantName = "[No Variations]"
Add component (AddParameter): Name = "LCSC Part"; Value = "C13982"; VariantName = "[No Variations]"
Add component (AddParameter): Name = "Lead Free"; Value = "Yes"; VariantName = "[No Variations]"
Add component (AddParameter): Name = "Manufacturer"; Value = "Littelfuse"; VariantName = "[No Variations]"
Add component (AddParameter): Name = "Manufacturer Part Number"; Value = "0451003.MRL"; VariantName = "[No Variations]"
Add component (AddParameter): Name = "Max Fuse Ac Voltage"; Value = "125V"; VariantName = "[No Variations]"
Add component (AddParameter): Name = "Max Fuse Dc Voltage"; Value = "125V"; VariantName = "[No Variations]"
Add component (AddParameter): Name = "Mouser Description"; Value = "Surface Mount Fuses 125V 3A"; VariantName = "[No Variations]"
Add component (AddParameter): Name = "Octopart"; Value = "https://octopart.com/0451003.mrl-littelfuse-566380"; VariantName = "[No Variations]"
Add component (AddParameter): Name = "Package"; Value = "0451"; VariantName = "[No Variations]"
Add component (AddParameter): Name = "Supplier"; Value = "LCSC"; VariantName = "[No Variations]"
Add component (AddParameter): Name = "Supplier Part Number"; Value = "0.0227O"; VariantName = "[No Variations]"
Add component (AddParameter): Name = "Temperature"; Value = "-55°C to +125°C"; VariantName = "[No Variations]"
Add component (AddParameter): Name = "Temperature Range High"; Value = "+125°C"; VariantName = "[No Variations]"
Add component (AddParameter): Name = "Temperature Range Low"; Value = "-55°C"; VariantName = "[No Variations]"
Add component (AddParameter): Name = "Voltage Rating"; Value = "125V"; VariantName = "[No Variations]"
Add Component: Footprint Not Found KYOCERA-KNH16-DA
Add Component: Footprint Not Found KYOCERA-KNH16-DA
Add Component: Footprint Not Found AMS1117
Add Component: Footprint Not Found AMS1117
Add Component: Footprint Not Found FP-2171790001-MFG
Add Component: Footprint Not Found Edge Connector
Add Component: Footprint Not Found RESC1005X37N
Add Component: Footprint Not Found RES_10K
Add Component: Footprint Not Found RES_SMD_0402
Add Component: Footprint Not Found RESC1005X37N
Add Component: Footprint Not Found RESC1005X37N
Add Component: Footprint Not Found RESC1005X37N
Add Component: Footprint Not Found RESC1005X37N
Add Component: Footprint Not Found RESC1005X37N
Add Component: Footprint Not Found RESC1005X37N
Add Component: Footprint Not Found RESC1005X37N
Add Component: Footprint Not Found RESC1005X37N
Add Component: Footprint Not Found RESC1005X37N
Add Component: Footprint Not Found RESC1005X37N
Add Component: Footprint Not Found RESC1005X37N
Add Component: Footprint Not Found RESC1005X37N
Add Component: Footprint Not Found RESC1005X37N
Add Component: Footprint Not Found RESC1005X37N
Add Component: Footprint Not Found RESC1005X37N
Add Component: Footprint Not Found RESC1005X37N
Add Component: Footprint Not Found RESC1005X37N
Added Pin To Net: NetName=GND Pin=C29-1
Added Pin To Net: NetName=+5V_VBUS1 Pin=C29-2
Add Pin To Net: Unknown Pin: Pin D1-1
Added Pin To Net: NetName=Input Pin=F1-1
Added Pin To Net: NetName=NetF1_2 Pin=F1-2
Add Pin To Net: Unknown Pin: Pin I1-1
Add Pin To Net: Unknown Pin: Pin I1-2
Add Pin To Net: Unknown Pin: Pin I2-1
Add Pin To Net: Unknown Pin: Pin I2-2
Add Pin To Net: Unknown Pin: Pin J2-0
Add Pin To Net: Unknown Pin: Pin J2-1
Add Pin To Net: Unknown Pin: Pin J2-2
Add Pin To Net: Unknown Pin: Pin J2-4
Add Pin To Net: Unknown Pin: Pin J3-0
Add Pin To Net: Unknown Pin: Pin J3-1
Add Pin To Net: Unknown Pin: Pin J3-2
Add Pin To Net: Unknown Pin: Pin J3-4
Add Pin To Net: Unknown Pin: Pin J4-A1B12
Add Pin To Net: Unknown Pin: Pin J4-A4B9
Add Pin To Net: Unknown Pin: Pin J4-A5
Add Pin To Net: Unknown Pin: Pin J4-A6
Add Pin To Net: Unknown Pin: Pin J4-A7
Add Pin To Net: Unknown Pin: Pin J4-B1A12
Add Pin To Net: Unknown Pin: Pin J4-B4A9
Add Pin To Net: Unknown Pin: Pin J4-B5
Add Pin To Net: Unknown Pin: Pin J4-B6
Add Pin To Net: Unknown Pin: Pin J4-B7
Add Pin To Net: Unknown Pin: Pin J4-S1
Add Pin To Net: Unknown Pin: Pin J4-S2
Add Pin To Net: Unknown Pin: Pin J4-S3
Add Pin To Net: Unknown Pin: Pin J4-S4
Add Pin To Net: Unknown Pin: Pin J6-1
Add Pin To Net: Unknown Pin: Pin J6-2
Add Pin To Net: Unknown Pin: Pin J6-3
Add Pin To Net: Unknown Pin: Pin J6-4
Add Pin To Net: Unknown Pin: Pin J6-5
Add Pin To Net: Unknown Pin: Pin J6-6
Add Pin To Net: Unknown Pin: Pin J6-7
Add Pin To Net: Unknown Pin: Pin J6-8
Add Pin To Net: Unknown Pin: Pin J6-9
Add Pin To Net: Unknown Pin: Pin J6-10
Add Pin To Net: Unknown Pin: Pin J6-11
Add Pin To Net: Unknown Pin: Pin J6-12
Add Pin To Net: Unknown Pin: Pin J6-13
Add Pin To Net: Unknown Pin: Pin R3-1
Add Pin To Net: Unknown Pin: Pin R4-1
Add Pin To Net: Unknown Pin: Pin R5-1
Add Pin To Net: Unknown Pin: Pin R5-2
Add Pin To Net: Unknown Pin: Pin R6-1
Add Pin To Net: Unknown Pin: Pin R6-2
Add Pin To Net: Unknown Pin: Pin R8-1
Add Pin To Net: Unknown Pin: Pin R8-2
Add Pin To Net: Unknown Pin: Pin R9-1
Add Pin To Net: Unknown Pin: Pin R9-2
Add Pin To Net: Unknown Pin: Pin R13-1
Add Pin To Net: Unknown Pin: Pin R13-2
Add Pin To Net: Unknown Pin: Pin R14-1
Add Pin To Net: Unknown Pin: Pin R14-2
Add Pin To Net: Unknown Pin: Pin R15-1
Add Pin To Net: Unknown Pin: Pin R15-2
Add Pin To Net: Unknown Pin: Pin R16-1
Add Pin To Net: Unknown Pin: Pin R16-2
Add Pin To Net: Unknown Pin: Pin R17-1
Add Pin To Net: Unknown Pin: Pin R17-2
Add Pin To Net: Unknown Pin: Pin R18-1
Add Pin To Net: Unknown Pin: Pin R18-2
Add Pin To Net: Unknown Pin: Pin R19-1
Add Pin To Net: Unknown Pin: Pin R19-2
Add Pin To Net: Unknown Pin: Pin R20-1
Add Pin To Net: Unknown Pin: Pin R20-2
Add Pin To Net: Unknown Pin: Pin R21-1
Add Pin To Net: Unknown Pin: Pin R21-2
Add Pin To Net: Unknown Pin: Pin R22-1
Add Pin To Net: Unknown Pin: Pin R22-2
Add Pin To Net: Unknown Pin: Pin R23-1
Add Pin To Net: Unknown Pin: Pin R23-2
Add Pin To Net: Unknown Pin: Pin R24-1
Add Pin To Net: Unknown Pin: Pin R24-2
Add Pin To Net: Unknown Pin: Pin R25-1
Add Pin To Net: Unknown Pin: Pin R25-2
Add Pin To Net: Unknown Pin: Pin R26-1
Add Pin To Net: Unknown Pin: Pin R26-2
Add Pin To Net: Unknown Pin: Pin R27-1
Add Pin To Net: Unknown Pin: Pin R27-2
Add Pin To Net: Unknown Pin: Pin R28-1
Add Pin To Net: Unknown Pin: Pin R28-2
Add Pin To Net: Unknown Pin: Pin R29-1
Add Pin To Net: Unknown Pin: Pin R29-2
Add Pin To Net: Unknown Pin: Pin R30-1
Add Pin To Net: Unknown Pin: Pin R30-2
Add Pin To Net: Unknown Pin: Pin R31-1
Add Pin To Net: Unknown Pin: Pin R31-2
Add Pin To Net: Unknown Pin: Pin R32-1
Add Pin To Net: Unknown Pin: Pin R32-2
Add Pin To Net: Unknown Pin: Pin R33-1
Add Pin To Net: Unknown Pin: Pin R33-2
Add Pin To Net: Unknown Pin: Pin R34-1
Add Pin To Net: Unknown Pin: Pin R34-2
Added Pin To Net: NetName=NetD1_2 Pin=Q1-4
Added Net: Name=NetD1_2
Added Member To Class: ClassName=Flight_Controller_v1 Member=Component C29 10uf
Add Class Member: Failed to add class member : Component D1 ESD5Z5.0
Added Member To Class: ClassName=Flight_Controller_v1 Member=Component F1 0451020.MRL
Add Class Member: Failed to add class member : Component I1 Ferrite Beads EMI FILTER
Add Class Member: Failed to add class member : Component I2 Ferrite Beads EMI FILTER
Add Class Member: Failed to add class member : Component J2 LDO Output 3.3 V
Add Class Member: Failed to add class member : Component J3 LDO Output 3.3 V
Add Class Member: Failed to add class member : Component J4 2171790001
Add Class Member: Failed to add class member : Component J6 Micro SD holder
Add Class Member: Failed to add class member : Component R3 0R
Add Class Member: Failed to add class member : Component R4 10K
Add Class Member: Failed to add class member : Component R5 49.9K
Add Class Member: Failed to add class member : Component R6 9.53k
Add Class Member: Failed to add class member : Component R8 49.9K
Add Class Member: Failed to add class member : Component R9 5K1
Add Class Member: Failed to add class member : Component R13 5K1
Add Class Member: Failed to add class member : Component R14 10K
Add Class Member: Failed to add class member : Component R15 0R
Add Class Member: Failed to add class member : Component R16 0R
Add Class Member: Failed to add class member : Component R17 49.9K
Add Class Member: Failed to add class member : Component R18 49.9K
Add Class Member: Failed to add class member : Component R19 49.9K
Add Class Member: Failed to add class member : Component R20 10K
Add Class Member: Failed to add class member : Component R21 10K
Add Class Member: Failed to add class member : Component R22 10K
Add Class Member: Failed to add class member : Component R23 0R
Add Class Member: Failed to add class member : Component R24 27R
Add Class Member: Failed to add class member : Component R25 27R
Add Class Member: Failed to add class member : Component R26 0R
Add Class Member: Failed to add class member : Component R27 49.9K
Add Class Member: Failed to add class member : Component R28 49.9K
Add Class Member: Failed to add class member : Component R29 49.9K
Add Class Member: Failed to add class member : Component R30 10K
Add Class Member: Failed to add class member : Component R31 4K7
Add Class Member: Failed to add class member : Component R32 5K1
Add Class Member: Failed to add class member : Component R33 5K1
Add Class Member: Failed to add class member : Component R34 10K
