Removed Pin From Net: NetName=VIN_FO Pin=C8-1
Removed Pin From Net: NetName=VIN_FO Pin=D3-C
Removed Pin From Net: NetName=VIN_FO Pin=L1-1
Removed Pin From Net: NetName=System_5v Pin=L1-2
Removed Pin From Net: NetName=GND Pin=U3-4
Added Component: Designator=C40(CAP_22uF)
Add component (AddParameter): Name = "ComponentLink1Description"; Value = "Datasheet"; VariantName = "[No Variations]"
Add component (AddParameter): Name = "ComponentLink1URL"; Value = "https://www.lcsc.com/datasheet/C602037.pdf"; VariantName = "[No Variations]"
Add component (AddParameter): Name = "manufacturer"; Value = "Samsung Electro-Mechanics"; VariantName = "[No Variations]"
Add component (AddParameter): Name = "manufacturer part number"; Value = "CL21A226MAYNNNE"; VariantName = "[No Variations]"
Add component (AddParameter): Name = "supplier"; Value = "LCSC"; VariantName = "[No Variations]"
Add component (AddParameter): Name = "supplier part number"; Value = "C602037"; VariantName = "[No Variations]"
Add component (AddParameter): Name = "Value"; Value = "22uF"; VariantName = "[No Variations]"
Added Component: Designator=C41(CAP_22uF)
Add component (AddParameter): Name = "ComponentLink1Description"; Value = "Datasheet"; VariantName = "[No Variations]"
Add component (AddParameter): Name = "ComponentLink1URL"; Value = "https://www.lcsc.com/datasheet/C602037.pdf"; VariantName = "[No Variations]"
Add component (AddParameter): Name = "manufacturer"; Value = "Samsung Electro-Mechanics"; VariantName = "[No Variations]"
Add component (AddParameter): Name = "manufacturer part number"; Value = "CL21A226MAYNNNE"; VariantName = "[No Variations]"
Add component (AddParameter): Name = "supplier"; Value = "LCSC"; VariantName = "[No Variations]"
Add component (AddParameter): Name = "supplier part number"; Value = "C602037"; VariantName = "[No Variations]"
Add component (AddParameter): Name = "Value"; Value = "22uF"; VariantName = "[No Variations]"
Added Component: Designator=C42(CAP_22uF)
Add component (AddParameter): Name = "ComponentLink1Description"; Value = "Datasheet"; VariantName = "[No Variations]"
Add component (AddParameter): Name = "ComponentLink1URL"; Value = "https://www.lcsc.com/datasheet/C602037.pdf"; VariantName = "[No Variations]"
Add component (AddParameter): Name = "manufacturer"; Value = "Samsung Electro-Mechanics"; VariantName = "[No Variations]"
Add component (AddParameter): Name = "manufacturer part number"; Value = "CL21A226MAYNNNE"; VariantName = "[No Variations]"
Add component (AddParameter): Name = "supplier"; Value = "LCSC"; VariantName = "[No Variations]"
Add component (AddParameter): Name = "supplier part number"; Value = "C602037"; VariantName = "[No Variations]"
Add component (AddParameter): Name = "Value"; Value = "22uF"; VariantName = "[No Variations]"
Added Component: Designator=C43(CAP_22uF)
Add component (AddParameter): Name = "ComponentLink1Description"; Value = "Datasheet"; VariantName = "[No Variations]"
Add component (AddParameter): Name = "ComponentLink1URL"; Value = "https://www.lcsc.com/datasheet/C602037.pdf"; VariantName = "[No Variations]"
Add component (AddParameter): Name = "manufacturer"; Value = "Samsung Electro-Mechanics"; VariantName = "[No Variations]"
Add component (AddParameter): Name = "manufacturer part number"; Value = "CL21A226MAYNNNE"; VariantName = "[No Variations]"
Add component (AddParameter): Name = "supplier"; Value = "LCSC"; VariantName = "[No Variations]"
Add component (AddParameter): Name = "supplier part number"; Value = "C602037"; VariantName = "[No Variations]"
Add component (AddParameter): Name = "Value"; Value = "22uF"; VariantName = "[No Variations]"
Add Component: Footprint Not Found RESC1005X37N
Add Component: Footprint Not Found RESC1005X37N
Added Component: Designator=R6(RES_SMD_0402)
Add component (AddParameter): Name = "ComponentLink1Description"; Value = "datasheet"; VariantName = "[No Variations]"
Add component (AddParameter): Name = "ComponentLink1URL"; Value = "https://www.lcsc.com/product-detail/C852968.html?s_z=n_resistance%25209.2K"; VariantName = "[No Variations]"
Add Component: Footprint Not Found RESC1005X37N
Add Component: Footprint Not Found RESC1005X37N
Add Component: Footprint Not Found RESC1005X37N
Add Component: Footprint Not Found RESC1005X37N
Add Component: Footprint Not Found RESC1005X37N
Add Component: Footprint Not Found RESC1005X37N
Add Component: Footprint Not Found RESC1005X37N
Add Component: Footprint Not Found RESC1005X37N
Add Component: Footprint Not Found RESC1005X37N
Add Component: Footprint Not Found RESC1005X37N
Add Component: Footprint Not Found RESC1005X37N
Add Component: Footprint Not Found RESC1005X37N
Add Component: Footprint Not Found RESC1005X37N
Add Component: Footprint Not Found RESC1005X37N
Add Component: Footprint Not Found RESC1005X37N
Add Component: Footprint Not Found RESC1005X37N
Add Component: Footprint Not Found RESC1005X37N
Added Pin To Net: NetName=GND Pin=C40-1
Added Pin To Net: NetName=Input Pin=C40-2
Added Pin To Net: NetName=GND Pin=C41-1
Added Pin To Net: NetName=Input Pin=C41-2
Added Pin To Net: NetName=GND Pin=C42-1
Added Pin To Net: NetName=Input Pin=C42-2
Added Pin To Net: NetName=GND Pin=C43-1
Added Pin To Net: NetName=Input Pin=C43-2
Add Pin To Net: Unknown Pin: Pin R3-1
Add Pin To Net: Unknown Pin: Pin R3-2
Add Pin To Net: Unknown Pin: Pin R4-1
Add Pin To Net: Unknown Pin: Pin R5-1
Added Pin To Net: NetName=GND Pin=R6-1
Added Pin To Net: NetName=NetR5_1 Pin=R6-2
Add Pin To Net: Unknown Pin: Pin R8-1
Add Pin To Net: Unknown Pin: Pin R8-2
Add Pin To Net: Unknown Pin: Pin R9-1
Add Pin To Net: Unknown Pin: Pin R9-2
Add Pin To Net: Unknown Pin: Pin R13-1
Add Pin To Net: Unknown Pin: Pin R13-2
Add Pin To Net: Unknown Pin: Pin R14-1
Add Pin To Net: Unknown Pin: Pin R14-2
Add Pin To Net: Unknown Pin: Pin R15-1
Add Pin To Net: Unknown Pin: Pin R15-2
Add Pin To Net: Unknown Pin: Pin R16-1
Add Pin To Net: Unknown Pin: Pin R16-2
Add Pin To Net: Unknown Pin: Pin R17-1
Add Pin To Net: Unknown Pin: Pin R17-2
Add Pin To Net: Unknown Pin: Pin R18-1
Add Pin To Net: Unknown Pin: Pin R18-2
Add Pin To Net: Unknown Pin: Pin R19-1
Add Pin To Net: Unknown Pin: Pin R19-2
Add Pin To Net: Unknown Pin: Pin R20-1
Add Pin To Net: Unknown Pin: Pin R20-2
Add Pin To Net: Unknown Pin: Pin R21-1
Add Pin To Net: Unknown Pin: Pin R21-2
Add Pin To Net: Unknown Pin: Pin R22-1
Add Pin To Net: Unknown Pin: Pin R22-2
Add Pin To Net: Unknown Pin: Pin R23-1
Add Pin To Net: Unknown Pin: Pin R23-2
Add Pin To Net: Unknown Pin: Pin R24-1
Add Pin To Net: Unknown Pin: Pin R24-2
Add Pin To Net: Unknown Pin: Pin R25-1
Add Pin To Net: Unknown Pin: Pin R25-2
Add Pin To Net: Unknown Pin: Pin R26-1
Add Pin To Net: Unknown Pin: Pin R26-2
Add Pin To Net: Unknown Pin: Pin R27-1
Add Pin To Net: Unknown Pin: Pin R27-2
Add Pin To Net: Unknown Pin: Pin R28-1
Add Pin To Net: Unknown Pin: Pin R28-2
Add Pin To Net: Unknown Pin: Pin R29-1
Add Pin To Net: Unknown Pin: Pin R29-2
Add Pin To Net: Unknown Pin: Pin R30-1
Add Pin To Net: Unknown Pin: Pin R30-2
Add Pin To Net: Unknown Pin: Pin R31-1
Add Pin To Net: Unknown Pin: Pin R31-2
Add Pin To Net: Unknown Pin: Pin R32-1
Add Pin To Net: Unknown Pin: Pin R32-2
Add Pin To Net: Unknown Pin: Pin R33-1
Add Pin To Net: Unknown Pin: Pin R33-2
Add Pin To Net: Unknown Pin: Pin R34-1
Add Pin To Net: Unknown Pin: Pin R34-2
Added Pin To Net: NetName=GND Pin=U3-2
Added Pin To Net: NetName=NetR5_1 Pin=U3-3
Added Pin To Net: NetName=VIN_FO Pin=U3-5
Added Pin To Net: NetName=NetC8_1 Pin=C8-1
Added Pin To Net: NetName=NetC8_1 Pin=D3-C
Added Pin To Net: NetName=NetC8_1 Pin=L1-1
Added Pin To Net: NetName=NetC8_1 Pin=U3-6
Added Net: Name=NetC8_1
Added Pin To Net: NetName=NetC8_2 Pin=C8-2
Added Pin To Net: NetName=NetC8_2 Pin=U3-1
Added Net: Name=NetC8_2
Added Pin To Net: NetName=NetC9_2 Pin=C9-2
Added Pin To Net: NetName=NetC9_2 Pin=L1-2
Added Net: Name=NetC9_2
Added Pin To Net: NetName=NetR4_2 Pin=U3-4
Added Net: Name=NetR4_2
Added Member To Class: ClassName=Flight_Controller_v1 Member=Component C40 22uF
Added Member To Class: ClassName=Flight_Controller_v1 Member=Component C41 22uF
Added Member To Class: ClassName=Flight_Controller_v1 Member=Component C42 22uF
Added Member To Class: ClassName=Flight_Controller_v1 Member=Component C43 22uF
Add Class Member: Failed to add class member : Component R3 0R
Add Class Member: Failed to add class member : Component R4 10K
Add Class Member: Failed to add class member : Component R5 49.9K
Added Member To Class: ClassName=Flight_Controller_v1 Member=Component R6 RES_0402_9.2K
Add Class Member: Failed to add class member : Component R8 49.9K
Add Class Member: Failed to add class member : Component R9 5K1
Add Class Member: Failed to add class member : Component R13 5K1
Add Class Member: Failed to add class member : Component R14 10K
Add Class Member: Failed to add class member : Component R15 0R
Add Class Member: Failed to add class member : Component R16 0R
Add Class Member: Failed to add class member : Component R17 49.9K
Add Class Member: Failed to add class member : Component R18 49.9K
Add Class Member: Failed to add class member : Component R19 49.9K
Add Class Member: Failed to add class member : Component R20 10K
Add Class Member: Failed to add class member : Component R21 10K
Add Class Member: Failed to add class member : Component R22 10K
Add Class Member: Failed to add class member : Component R23 0R
Add Class Member: Failed to add class member : Component R24 27R
Add Class Member: Failed to add class member : Component R25 27R
Add Class Member: Failed to add class member : Component R26 0R
Add Class Member: Failed to add class member : Component R27 49.9K
Add Class Member: Failed to add class member : Component R28 49.9K
Add Class Member: Failed to add class member : Component R29 49.9K
Add Class Member: Failed to add class member : Component R30 10K
Add Class Member: Failed to add class member : Component R31 4K7
Add Class Member: Failed to add class member : Component R32 5K1
Add Class Member: Failed to add class member : Component R33 5K1
Add Class Member: Failed to add class member : Component R34 10K
